2022-08-05 00:01:47.301 DEBUG 1276 --- [http-nio-8081-exec-8] com.tweetapp.controller.LoginController  : Login-log: forgotPassword - start 1663
2022-08-05 00:01:47.310 DEBUG 1276 --- [http-nio-8081-exec-8] com.tweetapp.controller.LoginController  : Login-log Request : {"requestHeader":{"consumer":{"id":null,"name":null,"businessTransactionType":null,"type":null,"requestDateTime":null,"hostName":null},"transactionId":"1663"},"password":"ghjklfd","confirmPassword":"ghjklfd"}
2022-08-05 00:01:47.311 DEBUG 1276 --- [http-nio-8081-exec-8] com.tweetapp.controller.LoginController  : forgotPassword service - start 1663
2022-08-05 00:01:47.323 DEBUG 1276 --- [http-nio-8081-exec-8] com.tweetapp.controller.LoginController  : forgotPassword service - end 1663
2022-08-05 00:01:47.324 DEBUG 1276 --- [http-nio-8081-exec-8] com.tweetapp.controller.LoginController  : Login-log: forgotPassword - end 1663
2022-08-05 00:02:20.391 DEBUG 1276 --- [http-nio-8081-exec-10] com.tweetapp.controller.LoginController  : Login-log: forgotPassword - start 1663
2022-08-05 00:02:20.394 DEBUG 1276 --- [http-nio-8081-exec-10] com.tweetapp.controller.LoginController  : Login-log Request : {"requestHeader":{"consumer":{"id":null,"name":null,"businessTransactionType":null,"type":null,"requestDateTime":null,"hostName":null},"transactionId":"1663"},"password":"ghjklfd","confirmPassword":"ghjklfd"}
2022-08-05 00:02:20.394 DEBUG 1276 --- [http-nio-8081-exec-10] com.tweetapp.controller.LoginController  : forgotPassword service - start 1663
2022-08-05 00:02:20.398 DEBUG 1276 --- [http-nio-8081-exec-10] com.tweetapp.controller.LoginController  : forgotPassword service - end 1663
2022-08-05 00:02:20.398 DEBUG 1276 --- [http-nio-8081-exec-10] com.tweetapp.controller.LoginController  : Login-log: forgotPassword - end 1663
2022-08-05 00:02:54.614 DEBUG 1276 --- [http-nio-8081-exec-2] com.tweetapp.controller.LoginController  : Login-log: forgotPassword - start 1663
2022-08-05 00:02:54.617 DEBUG 1276 --- [http-nio-8081-exec-2] com.tweetapp.controller.LoginController  : Login-log Request : {"requestHeader":{"consumer":{"id":null,"name":null,"businessTransactionType":null,"type":null,"requestDateTime":null,"hostName":null},"transactionId":"1663"},"password":"ghjklfd","confirmPassword":"ghjklfd"}
2022-08-05 00:02:54.617 DEBUG 1276 --- [http-nio-8081-exec-2] com.tweetapp.controller.LoginController  : forgotPassword service - start 1663
2022-08-05 00:02:54.621 DEBUG 1276 --- [http-nio-8081-exec-2] com.tweetapp.controller.LoginController  : forgotPassword service - end 1663
2022-08-05 00:02:54.621 DEBUG 1276 --- [http-nio-8081-exec-2] com.tweetapp.controller.LoginController  : Login-log: forgotPassword - end 1663
2022-08-05 00:12:24.296 DEBUG 1276 --- [http-nio-8081-exec-6] com.tweetapp.controller.LoginController  : Login-log: forgotPassword - start 1663
2022-08-05 00:12:24.298 DEBUG 1276 --- [http-nio-8081-exec-6] com.tweetapp.controller.LoginController  : Login-log Request : {"requestHeader":{"consumer":{"id":null,"name":null,"businessTransactionType":null,"type":null,"requestDateTime":null,"hostName":null},"transactionId":"1663"},"password":"ghjklfd","confirmPassword":"ghjklfd"}
2022-08-05 00:12:24.299 DEBUG 1276 --- [http-nio-8081-exec-6] com.tweetapp.controller.LoginController  : forgotPassword service - start 1663
2022-08-05 00:12:24.303 DEBUG 1276 --- [http-nio-8081-exec-6] com.tweetapp.controller.LoginController  : forgotPassword service - end 1663
2022-08-05 00:12:24.303 DEBUG 1276 --- [http-nio-8081-exec-6] com.tweetapp.controller.LoginController  : Login-log: forgotPassword - end 1663
2022-08-05 00:12:36.407 DEBUG 1276 --- [http-nio-8081-exec-5] com.tweetapp.controller.LoginController  : Login-log: forgotPassword - start 4563
2022-08-05 00:12:36.409 DEBUG 1276 --- [http-nio-8081-exec-5] com.tweetapp.controller.LoginController  : Login-log Request : {"requestHeader":{"consumer":{"id":null,"name":null,"businessTransactionType":null,"type":null,"requestDateTime":null,"hostName":null},"transactionId":"4563"},"password":"ghjklfd","confirmPassword":"ghjklfd"}
2022-08-05 00:12:36.409 DEBUG 1276 --- [http-nio-8081-exec-5] com.tweetapp.controller.LoginController  : forgotPassword service - start 4563
2022-08-05 00:12:36.412 DEBUG 1276 --- [http-nio-8081-exec-5] com.tweetapp.controller.LoginController  : forgotPassword service - end 4563
2022-08-05 00:12:36.412 DEBUG 1276 --- [http-nio-8081-exec-5] com.tweetapp.controller.LoginController  : Login-log: forgotPassword - end 4563
2022-08-05 00:21:29.148 DEBUG 1276 --- [http-nio-8081-exec-9] com.tweetapp.controller.LoginController  : Login-log: forgotPassword - start dddcsmla
2022-08-05 00:21:29.153 DEBUG 1276 --- [http-nio-8081-exec-9] com.tweetapp.controller.LoginController  : Login-log Request : {"requestHeader":{"consumer":{"id":null,"name":null,"businessTransactionType":null,"type":null,"requestDateTime":null,"hostName":null},"transactionId":"dddcsmla"},"password":"ghjklfd","confirmPassword":"ghjklfd"}
2022-08-05 00:21:29.154 DEBUG 1276 --- [http-nio-8081-exec-9] com.tweetapp.controller.LoginController  : forgotPassword service - start dddcsmla
2022-08-05 00:21:29.161 DEBUG 1276 --- [http-nio-8081-exec-9] com.tweetapp.controller.LoginController  : forgotPassword service - end dddcsmla
2022-08-05 00:21:29.161 DEBUG 1276 --- [http-nio-8081-exec-9] com.tweetapp.controller.LoginController  : Login-log: forgotPassword - end dddcsmla
2022-08-05 09:24:51.161 DEBUG 1276 --- [http-nio-8081-exec-3] com.tweetapp.controller.LoginController  : Login-log: loginUser - start dddcsmla
2022-08-05 09:24:51.188 DEBUG 1276 --- [http-nio-8081-exec-3] com.tweetapp.controller.LoginController  : Login-log Request : {"requestHeader":{"consumer":{"id":null,"name":null,"businessTransactionType":null,"type":null,"requestDateTime":null,"hostName":null},"transactionId":"dddcsmla"},"loginID":"bhohhlhllki","password":"1234@ABC"}
2022-08-05 09:24:51.188 DEBUG 1276 --- [http-nio-8081-exec-3] com.tweetapp.controller.LoginController  : Login service - start dddcsmla
2022-08-05 09:24:51.358 DEBUG 1276 --- [http-nio-8081-exec-3] com.tweetapp.controller.LoginController  : Login service - end dddcsmla
2022-08-05 09:24:51.360 DEBUG 1276 --- [http-nio-8081-exec-3] com.tweetapp.controller.LoginController  : Login-log: loginUser - end dddcsmla
2022-08-05 09:25:25.410 DEBUG 1276 --- [http-nio-8081-exec-6] com.tweetapp.controller.LoginController  : Login-log: forgotPassword - start dddcsmla
2022-08-05 09:25:25.412 DEBUG 1276 --- [http-nio-8081-exec-6] com.tweetapp.controller.LoginController  : Login-log Request : {"requestHeader":{"consumer":{"id":null,"name":null,"businessTransactionType":null,"type":null,"requestDateTime":null,"hostName":null},"transactionId":"dddcsmla"},"password":"ghjklfd","confirmPassword":"ghjklfd"}
2022-08-05 09:25:25.412 DEBUG 1276 --- [http-nio-8081-exec-6] com.tweetapp.controller.LoginController  : forgotPassword service - start dddcsmla
2022-08-05 09:25:25.416 DEBUG 1276 --- [http-nio-8081-exec-6] com.tweetapp.controller.LoginController  : forgotPassword service - end dddcsmla
2022-08-05 09:25:25.416 DEBUG 1276 --- [http-nio-8081-exec-6] com.tweetapp.controller.LoginController  : Login-log: forgotPassword - end dddcsmla
2022-08-05 09:31:18.074 DEBUG 1276 --- [http-nio-8081-exec-7] com.tweetapp.controller.LoginController  : Login-log: forgotPassword - start dddcsmla
2022-08-05 09:31:18.080 DEBUG 1276 --- [http-nio-8081-exec-7] com.tweetapp.controller.LoginController  : Login-log Request : {"requestHeader":{"consumer":{"id":null,"name":null,"businessTransactionType":null,"type":null,"requestDateTime":null,"hostName":null},"transactionId":"dddcsmla"},"password":"ghjklfd","confirmPassword":"ghjklfd"}
2022-08-05 09:31:18.081 DEBUG 1276 --- [http-nio-8081-exec-7] com.tweetapp.controller.LoginController  : forgotPassword service - start dddcsmla
2022-08-05 09:31:18.229 DEBUG 1276 --- [http-nio-8081-exec-7] com.tweetapp.controller.LoginController  : forgotPassword service - end dddcsmla
2022-08-05 09:31:18.229 DEBUG 1276 --- [http-nio-8081-exec-7] com.tweetapp.controller.LoginController  : Login-log: forgotPassword - end dddcsmla
2022-08-05 09:34:01.728 DEBUG 1276 --- [http-nio-8081-exec-6] com.tweetapp.controller.LoginController  : Login-log: getAllUsers - start sjnvsdjk
2022-08-05 09:34:01.729 DEBUG 1276 --- [http-nio-8081-exec-6] com.tweetapp.controller.LoginController  : LoginServiceImpl getAllUsers start
2022-08-05 09:34:01.738 DEBUG 1276 --- [http-nio-8081-exec-6] com.tweetapp.controller.LoginController  : LoginServiceImpl getAllUsers end
2022-08-05 09:34:01.739 DEBUG 1276 --- [http-nio-8081-exec-6] com.tweetapp.controller.LoginController  : Login-log: getAllUsers - end sjnvsdjk
2022-08-05 09:54:04.110  INFO 1276 --- [restartedMain] com.tweetapp.TweetAppApplication         : Starting TweetAppApplication using Java 11.0.12 on ctsjava1013 with PID 1276 (C:\Users\cogjava1904\Desktop\digital_honours\New folder (3)\TweetAppService-main\target\classes started by cogjava1904 in C:\Users\cogjava1904\Desktop\digital_honours\New folder (3)\TweetAppService-main)
2022-08-05 09:54:04.111 DEBUG 1276 --- [restartedMain] com.tweetapp.TweetAppApplication         : Running with Spring Boot v2.7.1, Spring v5.3.21
2022-08-05 09:54:04.111  INFO 1276 --- [restartedMain] com.tweetapp.TweetAppApplication         : No active profile set, falling back to 1 default profile: "default"
2022-08-05 09:54:04.495  INFO 1276 --- [restartedMain] .s.d.r.c.RepositoryConfigurationDelegate : Bootstrapping Spring Data MongoDB repositories in DEFAULT mode.
2022-08-05 09:54:04.540  INFO 1276 --- [restartedMain] .s.d.r.c.RepositoryConfigurationDelegate : Finished Spring Data repository scanning in 44 ms. Found 4 MongoDB repository interfaces.
2022-08-05 09:54:04.796  INFO 1276 --- [restartedMain] o.s.b.w.embedded.tomcat.TomcatWebServer  : Tomcat initialized with port(s): 8081 (http)
2022-08-05 09:54:04.796  INFO 1276 --- [restartedMain] o.apache.catalina.core.StandardService   : Starting service [Tomcat]
2022-08-05 09:54:04.797  INFO 1276 --- [restartedMain] org.apache.catalina.core.StandardEngine  : Starting Servlet engine: [Apache Tomcat/9.0.64]
2022-08-05 09:54:04.829  INFO 1276 --- [restartedMain] o.a.c.c.C.[.[.[/api/v1.0/tweets]         : Initializing Spring embedded WebApplicationContext
2022-08-05 09:54:04.829  INFO 1276 --- [restartedMain] w.s.c.ServletWebServerApplicationContext : Root WebApplicationContext: initialization completed in 715 ms
2022-08-05 09:54:04.916  INFO 1276 --- [restartedMain] org.mongodb.driver.client                : MongoClient with metadata {"driver": {"name": "mongo-java-driver|sync|spring-boot", "version": "4.6.1"}, "os": {"type": "Windows", "name": "Windows 10", "architecture": "amd64", "version": "10.0"}, "platform": "Java/Oracle Corporation/11.0.12+8-LTS-237"} created with settings MongoClientSettings{readPreference=primary, writeConcern=WriteConcern{w=null, wTimeout=null ms, journal=null}, retryWrites=true, retryReads=true, readConcern=ReadConcern{level=null}, credential=null, streamFactoryFactory=null, commandListeners=[io.micrometer.core.instrument.binder.mongodb.MongoMetricsCommandListener@4514eb75], codecRegistry=ProvidersCodecRegistry{codecProviders=[ValueCodecProvider{}, BsonValueCodecProvider{}, DBRefCodecProvider{}, DBObjectCodecProvider{}, DocumentCodecProvider{}, IterableCodecProvider{}, MapCodecProvider{}, GeoJsonCodecProvider{}, GridFSFileCodecProvider{}, Jsr310CodecProvider{}, JsonObjectCodecProvider{}, BsonCodecProvider{}, EnumCodecProvider{}, com.mongodb.Jep395RecordCodecProvider@654e860b]}, clusterSettings={hosts=[localhost:27017], srvServiceName=mongodb, mode=SINGLE, requiredClusterType=UNKNOWN, requiredReplicaSetName='null', serverSelector='null', clusterListeners='[]', serverSelectionTimeout='30000 ms', localThreshold='30000 ms'}, socketSettings=SocketSettings{connectTimeoutMS=10000, readTimeoutMS=0, receiveBufferSize=0, sendBufferSize=0}, heartbeatSocketSettings=SocketSettings{connectTimeoutMS=10000, readTimeoutMS=10000, receiveBufferSize=0, sendBufferSize=0}, connectionPoolSettings=ConnectionPoolSettings{maxSize=100, minSize=0, maxWaitTimeMS=120000, maxConnectionLifeTimeMS=0, maxConnectionIdleTimeMS=0, maintenanceInitialDelayMS=0, maintenanceFrequencyMS=60000, connectionPoolListeners=[io.micrometer.core.instrument.binder.mongodb.MongoMetricsConnectionPoolListener@78d5da43], maxConnecting=2}, serverSettings=ServerSettings{heartbeatFrequencyMS=10000, minHeartbeatFrequencyMS=500, serverListeners='[]', serverMonitorListeners='[]'}, sslSettings=SslSettings{enabled=false, invalidHostNameAllowed=false, context=null}, applicationName='null', compressorList=[], uuidRepresentation=JAVA_LEGACY, serverApi=null, autoEncryptionSettings=null, contextProvider=null}
2022-08-05 09:54:04.922  INFO 1276 --- [cluster-ClusterId{value='62ec9b64acb132770fb4742a', description='null'}-localhost:27017] org.mongodb.driver.connection            : Opened connection [connectionId{localValue:11, serverValue:84}] to localhost:27017
2022-08-05 09:54:04.922  INFO 1276 --- [cluster-rtt-ClusterId{value='62ec9b64acb132770fb4742a', description='null'}-localhost:27017] org.mongodb.driver.connection            : Opened connection [connectionId{localValue:12, serverValue:85}] to localhost:27017
2022-08-05 09:54:04.930  INFO 1276 --- [cluster-ClusterId{value='62ec9b64acb132770fb4742a', description='null'}-localhost:27017] org.mongodb.driver.cluster               : Monitor thread successfully connected to server with description ServerDescription{address=localhost:27017, type=STANDALONE, state=CONNECTED, ok=true, minWireVersion=0, maxWireVersion=13, maxDocumentSize=16777216, logicalSessionTimeoutMinutes=30, roundTripTimeNanos=4299400}
2022-08-05 09:54:04.961  INFO 1276 --- [restartedMain] o.s.b.d.a.OptionalLiveReloadServer       : LiveReload server is running on port 35729
2022-08-05 09:54:05.553  INFO 1276 --- [restartedMain] o.s.b.a.e.web.EndpointLinksResolver      : Exposing 1 endpoint(s) beneath base path '/actuator'
2022-08-05 09:54:05.583  INFO 1276 --- [restartedMain] o.s.b.w.embedded.tomcat.TomcatWebServer  : Tomcat started on port(s): 8081 (http) with context path '/api/v1.0/tweets'
2022-08-05 09:54:05.597  INFO 1276 --- [restartedMain] com.tweetapp.TweetAppApplication         : Started TweetAppApplication in 1.534 seconds (JVM running for 27933.313)
2022-08-05 09:54:05.604  INFO 1276 --- [restartedMain] .ConditionEvaluationDeltaLoggingListener : Condition evaluation unchanged
2022-08-05 09:56:44.917  INFO 1276 --- [restartedMain] com.tweetapp.TweetAppApplication         : Starting TweetAppApplication using Java 11.0.12 on ctsjava1013 with PID 1276 (C:\Users\cogjava1904\Desktop\digital_honours\New folder (3)\TweetAppService-main\target\classes started by cogjava1904 in C:\Users\cogjava1904\Desktop\digital_honours\New folder (3)\TweetAppService-main)
2022-08-05 09:56:44.917 DEBUG 1276 --- [restartedMain] com.tweetapp.TweetAppApplication         : Running with Spring Boot v2.7.1, Spring v5.3.21
2022-08-05 09:56:44.917  INFO 1276 --- [restartedMain] com.tweetapp.TweetAppApplication         : No active profile set, falling back to 1 default profile: "default"
2022-08-05 09:56:45.309  INFO 1276 --- [restartedMain] .s.d.r.c.RepositoryConfigurationDelegate : Bootstrapping Spring Data MongoDB repositories in DEFAULT mode.
2022-08-05 09:56:45.357  INFO 1276 --- [restartedMain] .s.d.r.c.RepositoryConfigurationDelegate : Finished Spring Data repository scanning in 41 ms. Found 4 MongoDB repository interfaces.
2022-08-05 09:56:45.704  INFO 1276 --- [restartedMain] o.s.b.w.embedded.tomcat.TomcatWebServer  : Tomcat initialized with port(s): 8081 (http)
2022-08-05 09:56:45.705  INFO 1276 --- [restartedMain] o.apache.catalina.core.StandardService   : Starting service [Tomcat]
2022-08-05 09:56:45.706  INFO 1276 --- [restartedMain] org.apache.catalina.core.StandardEngine  : Starting Servlet engine: [Apache Tomcat/9.0.64]
2022-08-05 09:56:45.736  INFO 1276 --- [restartedMain] o.a.c.c.C.[.[.[/api/v1.0/tweets]         : Initializing Spring embedded WebApplicationContext
2022-08-05 09:56:45.736  INFO 1276 --- [restartedMain] w.s.c.ServletWebServerApplicationContext : Root WebApplicationContext: initialization completed in 815 ms
2022-08-05 09:56:45.811  INFO 1276 --- [restartedMain] org.mongodb.driver.client                : MongoClient with metadata {"driver": {"name": "mongo-java-driver|sync|spring-boot", "version": "4.6.1"}, "os": {"type": "Windows", "name": "Windows 10", "architecture": "amd64", "version": "10.0"}, "platform": "Java/Oracle Corporation/11.0.12+8-LTS-237"} created with settings MongoClientSettings{readPreference=primary, writeConcern=WriteConcern{w=null, wTimeout=null ms, journal=null}, retryWrites=true, retryReads=true, readConcern=ReadConcern{level=null}, credential=null, streamFactoryFactory=null, commandListeners=[io.micrometer.core.instrument.binder.mongodb.MongoMetricsCommandListener@cb105b0], codecRegistry=ProvidersCodecRegistry{codecProviders=[ValueCodecProvider{}, BsonValueCodecProvider{}, DBRefCodecProvider{}, DBObjectCodecProvider{}, DocumentCodecProvider{}, IterableCodecProvider{}, MapCodecProvider{}, GeoJsonCodecProvider{}, GridFSFileCodecProvider{}, Jsr310CodecProvider{}, JsonObjectCodecProvider{}, BsonCodecProvider{}, EnumCodecProvider{}, com.mongodb.Jep395RecordCodecProvider@654e860b]}, clusterSettings={hosts=[localhost:27017], srvServiceName=mongodb, mode=SINGLE, requiredClusterType=UNKNOWN, requiredReplicaSetName='null', serverSelector='null', clusterListeners='[]', serverSelectionTimeout='30000 ms', localThreshold='30000 ms'}, socketSettings=SocketSettings{connectTimeoutMS=10000, readTimeoutMS=0, receiveBufferSize=0, sendBufferSize=0}, heartbeatSocketSettings=SocketSettings{connectTimeoutMS=10000, readTimeoutMS=10000, receiveBufferSize=0, sendBufferSize=0}, connectionPoolSettings=ConnectionPoolSettings{maxSize=100, minSize=0, maxWaitTimeMS=120000, maxConnectionLifeTimeMS=0, maxConnectionIdleTimeMS=0, maintenanceInitialDelayMS=0, maintenanceFrequencyMS=60000, connectionPoolListeners=[io.micrometer.core.instrument.binder.mongodb.MongoMetricsConnectionPoolListener@689dbf], maxConnecting=2}, serverSettings=ServerSettings{heartbeatFrequencyMS=10000, minHeartbeatFrequencyMS=500, serverListeners='[]', serverMonitorListeners='[]'}, sslSettings=SslSettings{enabled=false, invalidHostNameAllowed=false, context=null}, applicationName='null', compressorList=[], uuidRepresentation=JAVA_LEGACY, serverApi=null, autoEncryptionSettings=null, contextProvider=null}
2022-08-05 09:56:45.818  INFO 1276 --- [cluster-ClusterId{value='62ec9c05acb132770fb4742d', description='null'}-localhost:27017] org.mongodb.driver.connection            : Opened connection [connectionId{localValue:17, serverValue:90}] to localhost:27017
2022-08-05 09:56:45.821  INFO 1276 --- [cluster-rtt-ClusterId{value='62ec9c05acb132770fb4742d', description='null'}-localhost:27017] org.mongodb.driver.connection            : Opened connection [connectionId{localValue:18, serverValue:91}] to localhost:27017
2022-08-05 09:56:45.825  INFO 1276 --- [cluster-ClusterId{value='62ec9c05acb132770fb4742d', description='null'}-localhost:27017] org.mongodb.driver.cluster               : Monitor thread successfully connected to server with description ServerDescription{address=localhost:27017, type=STANDALONE, state=CONNECTED, ok=true, minWireVersion=0, maxWireVersion=13, maxDocumentSize=16777216, logicalSessionTimeoutMinutes=30, roundTripTimeNanos=3581500}
2022-08-05 09:56:45.852  INFO 1276 --- [restartedMain] o.s.b.d.a.OptionalLiveReloadServer       : LiveReload server is running on port 35729
2022-08-05 09:56:46.366  INFO 1276 --- [restartedMain] o.s.b.a.e.web.EndpointLinksResolver      : Exposing 1 endpoint(s) beneath base path '/actuator'
2022-08-05 09:56:46.392  INFO 1276 --- [restartedMain] o.s.b.w.embedded.tomcat.TomcatWebServer  : Tomcat started on port(s): 8081 (http) with context path '/api/v1.0/tweets'
2022-08-05 09:56:46.414  INFO 1276 --- [restartedMain] com.tweetapp.TweetAppApplication         : Started TweetAppApplication in 1.362 seconds (JVM running for 28078.565)
2022-08-05 09:56:46.417  INFO 1276 --- [restartedMain] .ConditionEvaluationDeltaLoggingListener : Condition evaluation unchanged
